2026-02-08 16:37:29,047 INFO: Analytics application startup [in C:\Users\LENOVO\Desktop\project\app.py:34]
2026-02-08 16:37:29,770 INFO: Analytics application startup [in C:\Users\LENOVO\Desktop\project\app.py:34]
2026-02-08 16:37:35,557 INFO: Analytics application startup [in C:\Users\LENOVO\Desktop\project\app.py:34]
2026-02-08 16:38:28,585 INFO: Analytics application startup [in C:\Users\LENOVO\Desktop\project\app.py:34]
2026-02-08 16:45:21,249 INFO: Analytics application startup [in C:\Users\LENOVO\Desktop\project\app.py:34]
2026-02-08 16:52:04,136 INFO: Analytics application startup [in C:\Users\LENOVO\Desktop\project\app.py:34]
2026-02-08 16:52:58,295 ERROR: Error in advanced_chart_data: 'month' [in C:\Users\LENOVO\Desktop\project\app.py:451]
2026-02-08 16:52:59,667 INFO: Analytics application startup [in C:\Users\LENOVO\Desktop\project\app.py:34]
2026-02-08 16:53:07,599 INFO: Analytics application startup [in C:\Users\LENOVO\Desktop\project\app.py:34]
2026-02-08 16:53:11,647 ERROR: Error in advanced_chart_data: 'month' [in C:\Users\LENOVO\Desktop\project\app.py:451]
2026-02-08 16:53:12,658 INFO: Analytics application startup [in C:\Users\LENOVO\Desktop\project\app.py:34]
2026-02-08 16:53:14,957 INFO: Analytics application startup [in C:\Users\LENOVO\Desktop\project\app.py:34]
2026-02-08 16:53:15,032 ERROR: Error in advanced_chart_data: 'month' [in C:\Users\LENOVO\Desktop\project\app.py:451]
2026-02-08 16:53:36,939 INFO: File columns: ['order_id', 'order_date', 'customer_name', 'product_name', 'category', 'quantity', 'unit_price', 'total_price', 'country', 'payment_mode'] [in C:\Users\LENOVO\Desktop\project\app.py:750]
2026-02-08 16:53:37,070 ERROR: Error in advanced_chart_data: 'month' [in C:\Users\LENOVO\Desktop\project\app.py:451]
2026-02-08 16:53:51,177 INFO: Analytics application startup [in C:\Users\LENOVO\Desktop\project\app.py:34]
2026-02-09 14:45:57,162 INFO: Analytics application startup [in C:\Users\LENOVO\Desktop\project\app.py:34]
2026-02-09 14:45:58,999 INFO: Analytics application startup [in C:\Users\LENOVO\Desktop\project\app.py:34]
2026-02-09 14:46:23,488 INFO: Analytics application startup [in C:\Users\LENOVO\Desktop\project\app.py:34]
2026-02-09 14:52:55,335 INFO: Analytics application startup [in C:\Users\LENOVO\Desktop\project\app.py:34]
2026-02-09 15:33:50,145 INFO: Analytics application startup [in C:\Users\LENOVO\Desktop\project\app.py:34]
2026-02-09 15:33:51,742 INFO: Analytics application startup [in C:\Users\LENOVO\Desktop\project\app.py:34]
2026-02-09 15:45:53,815 INFO: File columns: ['customer_name', 'country', 'product_name', 'payment_mode', 'category', 'unit_price', 'total_price', 'order_date'] [in C:\Users\LENOVO\Desktop\project\app.py:739]
2026-02-09 15:46:04,227 INFO: File columns: ['customer_name', 'country', 'product_name', 'payment_mode', 'category', 'unit_price', 'total_price', 'order_date'] [in C:\Users\LENOVO\Desktop\project\app.py:739]
2026-02-09 15:46:31,837 INFO: File columns: ['Metric', 'Value'] [in C:\Users\LENOVO\Desktop\project\app.py:739]
2026-02-09 15:46:41,176 INFO: File columns: ['order_id', 'order_date', 'customer_name', 'product_name', 'category', 'quantity', 'unit_price', 'total_price', 'country', 'payment_mode'] [in C:\Users\LENOVO\Desktop\project\app.py:739]
2026-02-09 15:46:46,311 INFO: Analytics application startup [in C:\Users\LENOVO\Desktop\project\app.py:34]
2026-02-09 15:49:03,370 INFO: Analytics application startup [in C:\Users\LENOVO\Desktop\project\app.py:34]
2026-02-09 15:50:30,267 INFO: Analytics application startup [in C:\Users\LENOVO\Desktop\project\app.py:34]
2026-02-09 15:55:34,533 INFO: Analytics application startup [in C:\Users\LENOVO\Desktop\project\app.py:34]
2026-02-09 16:02:00,598 INFO: Analytics application startup [in C:\Users\LENOVO\Desktop\project\app.py:34]
2026-02-09 16:10:45,505 INFO: Analytics application startup [in C:\Users\LENOVO\Desktop\project\app.py:34]
2026-02-09 16:10:47,200 INFO: Analytics application startup [in C:\Users\LENOVO\Desktop\project\app.py:34]
2026-02-09 19:55:58,876 INFO: Analytics application startup [in C:\Users\LENOVO\Desktop\project\app.py:34]
2026-02-10 14:15:56,488 INFO: Analytics application startup [in C:\Users\LENOVO\Desktop\project\app.py:34]
2026-02-10 14:15:58,034 INFO: Analytics application startup [in C:\Users\LENOVO\Desktop\project\app.py:34]
2026-02-10 15:20:37,302 INFO: Analytics application startup [in C:\Users\LENOVO\Desktop\project\app.py:34]
2026-02-10 15:20:38,730 INFO: Analytics application startup [in C:\Users\LENOVO\Desktop\project\app.py:34]
2026-02-10 15:55:42,381 INFO: Analytics application startup [in C:\Users\LENOVO\Desktop\project\app.py:34]
2026-02-10 15:55:45,856 INFO: Analytics application startup [in C:\Users\LENOVO\Desktop\project\app.py:34]
2026-02-10 15:56:04,705 INFO: Analytics application startup [in C:\Users\LENOVO\Desktop\project\app.py:34]
2026-02-10 15:57:34,421 INFO: Analytics application startup [in C:\Users\LENOVO\Desktop\project\app.py:34]
2026-02-10 15:58:14,927 INFO: Analytics application startup [in C:\Users\LENOVO\Desktop\project\app.py:34]
2026-02-10 15:58:47,924 INFO: Analytics application startup [in C:\Users\LENOVO\Desktop\project\app.py:34]
2026-02-10 16:00:19,009 INFO: Analytics application startup [in C:\Users\LENOVO\Desktop\project\app.py:34]
2026-02-10 16:02:43,358 INFO: Analytics application startup [in C:\Users\LENOVO\Desktop\project\app.py:34]
2026-02-10 16:03:23,056 INFO: Analytics application startup [in C:\Users\LENOVO\Desktop\project\app.py:34]
2026-02-10 16:03:48,711 INFO: Analytics application startup [in C:\Users\LENOVO\Desktop\project\app.py:34]
2026-02-10 16:04:12,293 INFO: Analytics application startup [in C:\Users\LENOVO\Desktop\project\app.py:34]
2026-02-10 16:04:45,299 INFO: Analytics application startup [in C:\Users\LENOVO\Desktop\project\app.py:34]
2026-02-10 16:05:22,935 INFO: Analytics application startup [in C:\Users\LENOVO\Desktop\project\app.py:34]
2026-02-10 16:05:47,353 INFO: Analytics application startup [in C:\Users\LENOVO\Desktop\project\app.py:34]
2026-02-10 16:07:01,643 INFO: Analytics application startup [in C:\Users\LENOVO\Desktop\project\app.py:34]
2026-02-10 16:07:03,165 INFO: Analytics application startup [in C:\Users\LENOVO\Desktop\project\app.py:34]
2026-02-10 16:12:58,035 INFO: Analytics application startup [in C:\Users\LENOVO\Desktop\project\app.py:34]
2026-02-10 16:16:20,398 INFO: Analytics application startup [in C:\Users\LENOVO\Desktop\project\app.py:34]
2026-02-10 16:16:35,946 INFO: Analytics application startup [in C:\Users\LENOVO\Desktop\project\app.py:34]
2026-02-10 16:26:00,776 INFO: Analytics application startup [in C:\Users\LENOVO\Desktop\project\app.py:36]
2026-02-14 21:22:29,487 INFO: Analytics application startup [in C:\Users\LENOVO\Desktop\project\app.py:35]
2026-02-14 21:22:30,218 INFO: Analytics application startup [in C:\Users\LENOVO\Desktop\project\app.py:35]
2026-02-14 21:25:47,900 INFO: File columns: ['OrderDate', 'Region', 'Manager', 'SalesMan', 'Item', 'Units', ' Unit_price ', 'Sale_amt'] [in C:\Users\LENOVO\Desktop\project\app.py:666]
2026-02-14 21:25:58,528 INFO: File columns: ['customer_name', 'country', 'product_name', 'payment_mode', 'category', 'unit_price', 'total_price', 'order_date'] [in C:\Users\LENOVO\Desktop\project\app.py:666]
2026-03-04 23:05:07,298 INFO: Analytics application startup [in C:\Users\LENOVO\Desktop\project\app.py:35]
2026-03-04 23:05:08,042 INFO: Analytics application startup [in C:\Users\LENOVO\Desktop\project\app.py:35]
2026-03-04 23:18:31,524 INFO: Analytics application startup [in C:\Users\LENOVO\Desktop\project\app.py:35]
2026-03-04 23:21:10,227 INFO: File columns: ['Transaction ID', 'Item', 'Quantity', 'Price Per Unit', 'Total Spent', 'Payment Method', 'Location', 'Transaction Date'] [in C:\Users\LENOVO\Desktop\project\app.py:666]
2026-03-04 23:23:23,685 ERROR: Error in predictive_metrics: unconverted data remains when parsing with format "%Y-%m-%d": " 00:00:00", at position 10. You might want to try:
    - passing `format` if your strings have a consistent format;
    - passing `format='ISO8601'` if your strings are all ISO8601 but not necessarily in exactly the same format;
    - passing `format='mixed'`, and the format will be inferred for each element individually. You might want to use `dayfirst` alongside this. [in C:\Users\LENOVO\Desktop\project\app.py:638]
2026-03-04 23:23:40,023 INFO: File columns: ['Metric', 'Value'] [in C:\Users\LENOVO\Desktop\project\app.py:666]
2026-03-04 23:26:06,227 INFO: Analytics application startup [in C:\Users\LENOVO\Desktop\project\app.py:37]
2026-03-04 23:30:26,159 INFO: Analytics application startup [in C:\Users\LENOVO\Desktop\project\app.py:37]
2026-03-04 23:30:26,965 INFO: Analytics application startup [in C:\Users\LENOVO\Desktop\project\app.py:37]
2026-03-04 23:31:45,792 INFO: Analytics application startup [in C:\Users\LENOVO\Desktop\project\app.py:37]
2026-03-04 23:36:49,669 INFO: Analytics application startup [in C:\Users\LENOVO\Desktop\project\app.py:37]
2026-03-04 23:50:53,705 INFO: Analytics application startup [in C:\Users\LENOVO\Desktop\project\app.py:37]
2026-03-04 23:50:54,269 INFO: Analytics application startup [in C:\Users\LENOVO\Desktop\project\app.py:37]
2026-03-04 23:53:54,117 INFO: Analytics application startup [in C:\Users\LENOVO\Desktop\project\app.py:37]
2026-03-04 23:53:54,480 INFO: Analytics application startup [in C:\Users\LENOVO\Desktop\project\app.py:37]
2026-03-05 00:00:22,749 INFO: Analytics application startup [in C:\Users\LENOVO\Desktop\project\app.py:37]
2026-03-05 00:00:23,757 INFO: Analytics application startup [in C:\Users\LENOVO\Desktop\project\app.py:37]
2026-03-05 00:18:00,952 INFO: Analytics application startup [in C:\Users\LENOVO\Desktop\project\app.py:37]
2026-03-05 00:18:01,769 INFO: Analytics application startup [in C:\Users\LENOVO\Desktop\project\app.py:37]
2026-03-05 00:22:58,800 INFO: Analytics application startup [in C:\Users\LENOVO\Desktop\project\app.py:37]
2026-03-05 00:22:58,804 INFO: Analytics application startup [in C:\Users\LENOVO\Desktop\project\app.py:37]
